<?xml version="1.0" encoding="UTF-8"?>
<testsuite xmlns:xsi="http://www.w3.org/2001/XMLSchema-instance" xsi:noNamespaceSchemaLocation="https://maven.apache.org/surefire/maven-surefire-plugin/xsd/surefire-test-report.xsd" name="test.AppTest" time="0.044" tests="1" errors="0" skipped="0" failures="0">
  <properties>
    <property name="java.specification.version" value="13"/>
    <property name="sun.cpu.isalist" value="amd64"/>
    <property name="sun.jnu.encoding" value="GBK"/>
    <property name="java.class.path" value="C:\Users\36023\Desktop\springFirstProject\test\target\test-classes;C:\Users\36023\Desktop\springFirstProject\test\target\classes;E:\design\maven\apache-maven-3.6.3\repository\junit\junit\4.11\junit-4.11.jar;E:\design\maven\apache-maven-3.6.3\repository\org\hamcrest\hamcrest-core\1.3\hamcrest-core-1.3.jar;"/>
    <property name="java.vm.vendor" value="Oracle Corporation"/>
    <property name="sun.arch.data.model" value="64"/>
    <property name="user.variant" value=""/>
    <property name="java.vendor.url" value="https://java.oracle.com/"/>
    <property name="user.timezone" value="Asia/Shanghai"/>
    <property name="os.name" value="Windows 10"/>
    <property name="java.vm.specification.version" value="13"/>
    <property name="sun.java.launcher" value="SUN_STANDARD"/>
    <property name="user.country" value="CN"/>
    <property name="sun.boot.library.path" value="E:\design\java\jdk-13.0.2_windows-x64_bin\jdk-13.0.2\bin"/>
    <property name="sun.java.command" value="C:\Users\36023\AppData\Local\Temp\surefire12490445641517741409\surefirebooter13250448852199603277.jar C:\Users\36023\AppData\Local\Temp\surefire12490445641517741409 2020-03-20T22-41-24_995-jvmRun1 surefire9162166382633956113tmp surefire_03143939192262396971tmp"/>
    <property name="jdk.debug" value="release"/>
    <property name="surefire.test.class.path" value="C:\Users\36023\Desktop\springFirstProject\test\target\test-classes;C:\Users\36023\Desktop\springFirstProject\test\target\classes;E:\design\maven\apache-maven-3.6.3\repository\junit\junit\4.11\junit-4.11.jar;E:\design\maven\apache-maven-3.6.3\repository\org\hamcrest\hamcrest-core\1.3\hamcrest-core-1.3.jar;"/>
    <property name="sun.cpu.endian" value="little"/>
    <property name="user.home" value="C:\Users\36023"/>
    <property name="user.language" value="zh"/>
    <property name="java.specification.vendor" value="Oracle Corporation"/>
    <property name="java.version.date" value="2020-01-14"/>
    <property name="java.home" value="E:\design\java\jdk-13.0.2_windows-x64_bin\jdk-13.0.2"/>
    <property name="file.separator" value="\"/>
    <property name="basedir" value="C:\Users\36023\Desktop\springFirstProject\test"/>
    <property name="java.vm.compressedOopsMode" value="32-bit"/>
    <property name="line.separator" value="&#10;"/>
    <property name="idea.version2019.2.4" value="true"/>
    <property name="java.vm.specification.vendor" value="Oracle Corporation"/>
    <property name="java.specification.name" value="Java Platform API Specification"/>
    <property name="surefire.real.class.path" value="C:\Users\36023\AppData\Local\Temp\surefire12490445641517741409\surefirebooter13250448852199603277.jar"/>
    <property name="user.script" value=""/>
    <property name="sun.management.compiler" value="HotSpot 64-Bit Tiered Compilers"/>
    <property name="java.runtime.version" value="13.0.2+8"/>
    <property name="user.name" value="36023"/>
    <property name="path.separator" value=";"/>
    <property name="os.version" value="10.0"/>
    <property name="java.runtime.name" value="Java(TM) SE Runtime Environment"/>
    <property name="file.encoding" value="GBK"/>
    <property name="java.vm.name" value="Java HotSpot(TM) 64-Bit Server VM"/>
    <property name="localRepository" value="E:\design\maven\apache-maven-3.6.3\repository"/>
    <property name="java.vendor.url.bug" value="https://bugreport.java.com/bugreport/"/>
    <property name="java.io.tmpdir" value="C:\Users\36023\AppData\Local\Temp\"/>
    <property name="java.version" value="13.0.2"/>
    <property name="user.dir" value="C:\Users\36023\Desktop\springFirstProject\test"/>
    <property name="os.arch" value="amd64"/>
    <property name="java.vm.specification.name" value="Java Virtual Machine Specification"/>
    <property name="sun.os.patch.level" value=""/>
    <property name="java.library.path" value="E:\design\java\jdk-13.0.2_windows-x64_bin\jdk-13.0.2\bin;C:\WINDOWS\Sun\Java\bin;C:\WINDOWS\system32;C:\WINDOWS;C:\WINDOWS\system32;SystemRoot%;%System32\Wbem;C:\WINDOWS\System32\WindowsPowerShell\v1.0\;C:\Program Files\PuTTY\;ï¼›C:\Users\36023\Anaconda3\Python\;C:\Users\36023\Anaconda3\ipython;E:\design\java\jdk-13.0.2_windows-x64_bin\jdk-13.0.2\bin;E:\design\git\Git\cmd;E:\design\tomcat\apache-tomcat-9.0.31\bin;E:\design\maven\apache-maven-3.6.3\bin;E:\design\mysql\mysql-8.0.19-winx64\mysql-8.0.19-winx64\bin;E:\design\redis\Redis-x64-3.2.100;C:\Users\36023\Anaconda3;C:\Users\36023\Anaconda3\Library\mingw-w64\bin;C:\Users\36023\Anaconda3\Library\usr\bin;C:\Users\36023\Anaconda3\Library\bin;C:\Users\36023\Anaconda3\Scripts;C:\Users\36023\AppData\Local\Programs\Python\Python37-32\Scripts\;C:\Users\36023\AppData\Local\Programs\Python\Python37-32\;C:\Users\36023\AppData\Local\Microsoft\WindowsApps;."/>
    <property name="java.vm.info" value="mixed mode, sharing"/>
    <property name="java.vendor" value="Oracle Corporation"/>
    <property name="java.vm.version" value="13.0.2+8"/>
    <property name="sun.io.unicode.encoding" value="UnicodeLittle"/>
    <property name="maven.repo.local" value="E:\design\maven\apache-maven-3.6.3\repository"/>
    <property name="java.class.version" value="57.0"/>
  </properties>
  <testcase name="shouldAnswerWithTrue" classname="test.AppTest" time="0.002"/>
</testsuite>